GROUP,PACKAGE,CLASS,INSTRUCTION_MISSED,INSTRUCTION_COVERED,BRANCH_MISSED,BRANCH_COVERED,LINE_MISSED,LINE_COVERED,COMPLEXITY_MISSED,COMPLEXITY_COVERED,METHOD_MISSED,METHOD_COVERED
VanillaBP adapter for Camunda 7 - Test coverage report/camunda7-adapter,io.vanillabp.camunda7,Camunda7ProcessingContext,0,22,0,0,0,7,0,3,0,3
VanillaBP adapter for Camunda 7 - Test coverage report/camunda7-adapter,io.vanillabp.camunda7.processservice,Camunda7ProcessService,33,62,0,0,4,15,3,5,3,5
VanillaBP adapter for Camunda 7 - Test coverage report/camunda7-adapter,io.vanillabp.camunda7.deployment,Camunda7DeploymentService,31,135,3,3,8,34,5,9,2,9
VanillaBP adapter for Camunda 7 - Test coverage report/camunda7-adapter-spring-boot,io.vanillabp.camunda7.springboot.engine,Camunda7EngineConfiguration,0,61,0,0,0,19,0,5,0,5
VanillaBP adapter for Camunda 7 - Test coverage report/camunda7-adapter-spring-boot,io.vanillabp.camunda7.springboot,Camunda7AdapterBeanRegistrar,0,66,0,0,0,12,0,7,0,7
VanillaBP adapter for Camunda 7 - Test coverage report/camunda7-adapter-spring-boot,io.vanillabp.camunda7.springboot,Camunda7AdapterConfiguredCondition,2,41,1,1,1,15,1,4,0,4
VanillaBP adapter for Camunda 7 - Test coverage report/camunda7-adapter-spring-boot,io.vanillabp.camunda7.springboot,Camunda7AdapterConfiguration,0,5,0,0,0,2,0,2,0,2
VanillaBP adapter for Camunda 7 - Test coverage report/camunda7-adapter-spring-boot,io.vanillabp.camunda7.springboot,Camunda7AdapterConfiguredCondition.AdapterStub,0,10,0,0,0,4,0,3,0,3
VanillaBP adapter for Camunda 7 - Test coverage report/camunda7-adapter-spring-boot,io.vanillabp.camunda7.springboot.processservice,Camunda7ProcessServiceConfiguration,0,3,0,0,0,1,0,1,0,1
